Copyright 1986-2020 Xilinx, Inc. All Rights Reserved.
-----------------------------------------------------------------------------------------------------------------------------------------------------------------------------
| Tool Version : Vivado v.2020.2 (win64) Build 3064766 Wed Nov 18 09:12:45 MST 2020
| Date         : Tue Apr 23 02:41:16 2024
| Host         : GDESK-49 running 64-bit major release  (build 9200)
| Command      : report_methodology -file fish_proj_top_methodology_drc_routed.rpt -pb fish_proj_top_methodology_drc_routed.pb -rpx fish_proj_top_methodology_drc_routed.rpx
| Design       : fish_proj_top
| Device       : xc7a100tcsg324-1
| Speed File   : -1
| Design State : Fully Routed
-----------------------------------------------------------------------------------------------------------------------------------------------------------------------------

Report Methodology

Table of Contents
-----------------
1. REPORT SUMMARY
2. REPORT DETAILS

1. REPORT SUMMARY
-----------------
            Netlist: netlist
          Floorplan: design_1
      Design limits: <entire design considered>
             Max violations: <unlimited>
             Violations found: 286
+-----------+------------------+-------------------------------+------------+
| Rule      | Severity         | Description                   | Violations |
+-----------+------------------+-------------------------------+------------+
| TIMING-17 | Critical Warning | Non-clocked sequential cell   | 153        |
| LUTAR-1   | Warning          | LUT drives async reset alert  | 36         |
| TIMING-18 | Warning          | Missing input or output delay | 18         |
| TIMING-20 | Warning          | Non-clocked latch             | 79         |
+-----------+------------------+-------------------------------+------------+

2. REPORT DETAILS
-----------------
TIMING-17#1 Critical Warning
Non-clocked sequential cell  
The clock pin dc/clk25_reg/C is not reached by a timing clock
Related violations: <none>

TIMING-17#2 Critical Warning
Non-clocked sequential cell  
The clock pin dc/hCount_reg[0]/C is not reached by a timing clock
Related violations: <none>

TIMING-17#3 Critical Warning
Non-clocked sequential cell  
The clock pin dc/hCount_reg[1]/C is not reached by a timing clock
Related violations: <none>

TIMING-17#4 Critical Warning
Non-clocked sequential cell  
The clock pin dc/hCount_reg[2]/C is not reached by a timing clock
Related violations: <none>

TIMING-17#5 Critical Warning
Non-clocked sequential cell  
The clock pin dc/hCount_reg[3]/C is not reached by a timing clock
Related violations: <none>

TIMING-17#6 Critical Warning
Non-clocked sequential cell  
The clock pin dc/hCount_reg[4]/C is not reached by a timing clock
Related violations: <none>

TIMING-17#7 Critical Warning
Non-clocked sequential cell  
The clock pin dc/hCount_reg[5]/C is not reached by a timing clock
Related violations: <none>

TIMING-17#8 Critical Warning
Non-clocked sequential cell  
The clock pin dc/hCount_reg[6]/C is not reached by a timing clock
Related violations: <none>

TIMING-17#9 Critical Warning
Non-clocked sequential cell  
The clock pin dc/hCount_reg[7]/C is not reached by a timing clock
Related violations: <none>

TIMING-17#10 Critical Warning
Non-clocked sequential cell  
The clock pin dc/hCount_reg[8]/C is not reached by a timing clock
Related violations: <none>

TIMING-17#11 Critical Warning
Non-clocked sequential cell  
The clock pin dc/hCount_reg[9]/C is not reached by a timing clock
Related violations: <none>

TIMING-17#12 Critical Warning
Non-clocked sequential cell  
The clock pin dc/sky_reg/C is not reached by a timing clock
Related violations: <none>

TIMING-17#13 Critical Warning
Non-clocked sequential cell  
The clock pin dc/vCount_reg[0]/C is not reached by a timing clock
Related violations: <none>

TIMING-17#14 Critical Warning
Non-clocked sequential cell  
The clock pin dc/vCount_reg[1]/C is not reached by a timing clock
Related violations: <none>

TIMING-17#15 Critical Warning
Non-clocked sequential cell  
The clock pin dc/vCount_reg[2]/C is not reached by a timing clock
Related violations: <none>

TIMING-17#16 Critical Warning
Non-clocked sequential cell  
The clock pin dc/vCount_reg[3]/C is not reached by a timing clock
Related violations: <none>

TIMING-17#17 Critical Warning
Non-clocked sequential cell  
The clock pin dc/vCount_reg[4]/C is not reached by a timing clock
Related violations: <none>

TIMING-17#18 Critical Warning
Non-clocked sequential cell  
The clock pin dc/vCount_reg[5]/C is not reached by a timing clock
Related violations: <none>

TIMING-17#19 Critical Warning
Non-clocked sequential cell  
The clock pin dc/vCount_reg[6]/C is not reached by a timing clock
Related violations: <none>

TIMING-17#20 Critical Warning
Non-clocked sequential cell  
The clock pin dc/vCount_reg[7]/C is not reached by a timing clock
Related violations: <none>

TIMING-17#21 Critical Warning
Non-clocked sequential cell  
The clock pin dc/vCount_reg[8]/C is not reached by a timing clock
Related violations: <none>

TIMING-17#22 Critical Warning
Non-clocked sequential cell  
The clock pin dc/vCount_reg[9]/C is not reached by a timing clock
Related violations: <none>

TIMING-17#23 Critical Warning
Non-clocked sequential cell  
The clock pin dc/water_reg/C is not reached by a timing clock
Related violations: <none>

TIMING-17#24 Critical Warning
Non-clocked sequential cell  
The clock pin fc/cast_in_reg/C is not reached by a timing clock
Related violations: <none>

TIMING-17#25 Critical Warning
Non-clocked sequential cell  
The clock pin fc/cast_out_reg/C is not reached by a timing clock
Related violations: <none>

TIMING-17#26 Critical Warning
Non-clocked sequential cell  
The clock pin fc/caught_fish_1_reg/C is not reached by a timing clock
Related violations: <none>

TIMING-17#27 Critical Warning
Non-clocked sequential cell  
The clock pin fc/caught_fish_2_reg/C is not reached by a timing clock
Related violations: <none>

TIMING-17#28 Critical Warning
Non-clocked sequential cell  
The clock pin fc/caught_fish_3_reg/C is not reached by a timing clock
Related violations: <none>

TIMING-17#29 Critical Warning
Non-clocked sequential cell  
The clock pin fc/caught_fish_4_reg/C is not reached by a timing clock
Related violations: <none>

TIMING-17#30 Critical Warning
Non-clocked sequential cell  
The clock pin fc/fish_1_xpos_reg[0]/C is not reached by a timing clock
Related violations: <none>

TIMING-17#31 Critical Warning
Non-clocked sequential cell  
The clock pin fc/fish_1_xpos_reg[1]/C is not reached by a timing clock
Related violations: <none>

TIMING-17#32 Critical Warning
Non-clocked sequential cell  
The clock pin fc/fish_1_xpos_reg[2]/C is not reached by a timing clock
Related violations: <none>

TIMING-17#33 Critical Warning
Non-clocked sequential cell  
The clock pin fc/fish_1_xpos_reg[3]/C is not reached by a timing clock
Related violations: <none>

TIMING-17#34 Critical Warning
Non-clocked sequential cell  
The clock pin fc/fish_1_xpos_reg[4]/C is not reached by a timing clock
Related violations: <none>

TIMING-17#35 Critical Warning
Non-clocked sequential cell  
The clock pin fc/fish_1_xpos_reg[5]/C is not reached by a timing clock
Related violations: <none>

TIMING-17#36 Critical Warning
Non-clocked sequential cell  
The clock pin fc/fish_1_xpos_reg[6]/C is not reached by a timing clock
Related violations: <none>

TIMING-17#37 Critical Warning
Non-clocked sequential cell  
The clock pin fc/fish_1_xpos_reg[7]/C is not reached by a timing clock
Related violations: <none>

TIMING-17#38 Critical Warning
Non-clocked sequential cell  
The clock pin fc/fish_1_xpos_reg[8]/C is not reached by a timing clock
Related violations: <none>

TIMING-17#39 Critical Warning
Non-clocked sequential cell  
The clock pin fc/fish_1_xpos_reg[9]/C is not reached by a timing clock
Related violations: <none>

TIMING-17#40 Critical Warning
Non-clocked sequential cell  
The clock pin fc/fish_1_ypos_reg[0]/C is not reached by a timing clock
Related violations: <none>

TIMING-17#41 Critical Warning
Non-clocked sequential cell  
The clock pin fc/fish_1_ypos_reg[1]/C is not reached by a timing clock
Related violations: <none>

TIMING-17#42 Critical Warning
Non-clocked sequential cell  
The clock pin fc/fish_1_ypos_reg[2]/C is not reached by a timing clock
Related violations: <none>

TIMING-17#43 Critical Warning
Non-clocked sequential cell  
The clock pin fc/fish_1_ypos_reg[3]/C is not reached by a timing clock
Related violations: <none>

TIMING-17#44 Critical Warning
Non-clocked sequential cell  
The clock pin fc/fish_1_ypos_reg[4]/C is not reached by a timing clock
Related violations: <none>

TIMING-17#45 Critical Warning
Non-clocked sequential cell  
The clock pin fc/fish_1_ypos_reg[5]/C is not reached by a timing clock
Related violations: <none>

TIMING-17#46 Critical Warning
Non-clocked sequential cell  
The clock pin fc/fish_1_ypos_reg[6]/C is not reached by a timing clock
Related violations: <none>

TIMING-17#47 Critical Warning
Non-clocked sequential cell  
The clock pin fc/fish_1_ypos_reg[7]/C is not reached by a timing clock
Related violations: <none>

TIMING-17#48 Critical Warning
Non-clocked sequential cell  
The clock pin fc/fish_1_ypos_reg[8]/C is not reached by a timing clock
Related violations: <none>

TIMING-17#49 Critical Warning
Non-clocked sequential cell  
The clock pin fc/fish_1_ypos_reg[9]/C is not reached by a timing clock
Related violations: <none>

TIMING-17#50 Critical Warning
Non-clocked sequential cell  
The clock pin fc/fish_2_xpos_reg[0]/C is not reached by a timing clock
Related violations: <none>

TIMING-17#51 Critical Warning
Non-clocked sequential cell  
The clock pin fc/fish_2_xpos_reg[1]/C is not reached by a timing clock
Related violations: <none>

TIMING-17#52 Critical Warning
Non-clocked sequential cell  
The clock pin fc/fish_2_xpos_reg[2]/C is not reached by a timing clock
Related violations: <none>

TIMING-17#53 Critical Warning
Non-clocked sequential cell  
The clock pin fc/fish_2_xpos_reg[3]/C is not reached by a timing clock
Related violations: <none>

TIMING-17#54 Critical Warning
Non-clocked sequential cell  
The clock pin fc/fish_2_xpos_reg[4]/C is not reached by a timing clock
Related violations: <none>

TIMING-17#55 Critical Warning
Non-clocked sequential cell  
The clock pin fc/fish_2_xpos_reg[5]/C is not reached by a timing clock
Related violations: <none>

TIMING-17#56 Critical Warning
Non-clocked sequential cell  
The clock pin fc/fish_2_xpos_reg[6]/C is not reached by a timing clock
Related violations: <none>

TIMING-17#57 Critical Warning
Non-clocked sequential cell  
The clock pin fc/fish_2_xpos_reg[7]/C is not reached by a timing clock
Related violations: <none>

TIMING-17#58 Critical Warning
Non-clocked sequential cell  
The clock pin fc/fish_2_xpos_reg[8]/C is not reached by a timing clock
Related violations: <none>

TIMING-17#59 Critical Warning
Non-clocked sequential cell  
The clock pin fc/fish_2_xpos_reg[9]/C is not reached by a timing clock
Related violations: <none>

TIMING-17#60 Critical Warning
Non-clocked sequential cell  
The clock pin fc/fish_2_ypos_reg[0]/C is not reached by a timing clock
Related violations: <none>

TIMING-17#61 Critical Warning
Non-clocked sequential cell  
The clock pin fc/fish_2_ypos_reg[1]/C is not reached by a timing clock
Related violations: <none>

TIMING-17#62 Critical Warning
Non-clocked sequential cell  
The clock pin fc/fish_2_ypos_reg[2]/C is not reached by a timing clock
Related violations: <none>

TIMING-17#63 Critical Warning
Non-clocked sequential cell  
The clock pin fc/fish_2_ypos_reg[3]/C is not reached by a timing clock
Related violations: <none>

TIMING-17#64 Critical Warning
Non-clocked sequential cell  
The clock pin fc/fish_2_ypos_reg[4]/C is not reached by a timing clock
Related violations: <none>

TIMING-17#65 Critical Warning
Non-clocked sequential cell  
The clock pin fc/fish_2_ypos_reg[5]/C is not reached by a timing clock
Related violations: <none>

TIMING-17#66 Critical Warning
Non-clocked sequential cell  
The clock pin fc/fish_2_ypos_reg[6]/C is not reached by a timing clock
Related violations: <none>

TIMING-17#67 Critical Warning
Non-clocked sequential cell  
The clock pin fc/fish_2_ypos_reg[7]/C is not reached by a timing clock
Related violations: <none>

TIMING-17#68 Critical Warning
Non-clocked sequential cell  
The clock pin fc/fish_2_ypos_reg[8]/C is not reached by a timing clock
Related violations: <none>

TIMING-17#69 Critical Warning
Non-clocked sequential cell  
The clock pin fc/fish_2_ypos_reg[9]/C is not reached by a timing clock
Related violations: <none>

TIMING-17#70 Critical Warning
Non-clocked sequential cell  
The clock pin fc/fish_3_xpos_reg[0]/C is not reached by a timing clock
Related violations: <none>

TIMING-17#71 Critical Warning
Non-clocked sequential cell  
The clock pin fc/fish_3_xpos_reg[1]/C is not reached by a timing clock
Related violations: <none>

TIMING-17#72 Critical Warning
Non-clocked sequential cell  
The clock pin fc/fish_3_xpos_reg[2]/C is not reached by a timing clock
Related violations: <none>

TIMING-17#73 Critical Warning
Non-clocked sequential cell  
The clock pin fc/fish_3_xpos_reg[3]/C is not reached by a timing clock
Related violations: <none>

TIMING-17#74 Critical Warning
Non-clocked sequential cell  
The clock pin fc/fish_3_xpos_reg[4]/C is not reached by a timing clock
Related violations: <none>

TIMING-17#75 Critical Warning
Non-clocked sequential cell  
The clock pin fc/fish_3_xpos_reg[5]/C is not reached by a timing clock
Related violations: <none>

TIMING-17#76 Critical Warning
Non-clocked sequential cell  
The clock pin fc/fish_3_xpos_reg[6]/C is not reached by a timing clock
Related violations: <none>

TIMING-17#77 Critical Warning
Non-clocked sequential cell  
The clock pin fc/fish_3_xpos_reg[7]/C is not reached by a timing clock
Related violations: <none>

TIMING-17#78 Critical Warning
Non-clocked sequential cell  
The clock pin fc/fish_3_xpos_reg[8]/C is not reached by a timing clock
Related violations: <none>

TIMING-17#79 Critical Warning
Non-clocked sequential cell  
The clock pin fc/fish_3_xpos_reg[9]/C is not reached by a timing clock
Related violations: <none>

TIMING-17#80 Critical Warning
Non-clocked sequential cell  
The clock pin fc/fish_3_ypos_reg[0]/C is not reached by a timing clock
Related violations: <none>

TIMING-17#81 Critical Warning
Non-clocked sequential cell  
The clock pin fc/fish_3_ypos_reg[1]/C is not reached by a timing clock
Related violations: <none>

TIMING-17#82 Critical Warning
Non-clocked sequential cell  
The clock pin fc/fish_3_ypos_reg[2]/C is not reached by a timing clock
Related violations: <none>

TIMING-17#83 Critical Warning
Non-clocked sequential cell  
The clock pin fc/fish_3_ypos_reg[3]/C is not reached by a timing clock
Related violations: <none>

TIMING-17#84 Critical Warning
Non-clocked sequential cell  
The clock pin fc/fish_3_ypos_reg[4]/C is not reached by a timing clock
Related violations: <none>

TIMING-17#85 Critical Warning
Non-clocked sequential cell  
The clock pin fc/fish_3_ypos_reg[5]/C is not reached by a timing clock
Related violations: <none>

TIMING-17#86 Critical Warning
Non-clocked sequential cell  
The clock pin fc/fish_3_ypos_reg[6]/C is not reached by a timing clock
Related violations: <none>

TIMING-17#87 Critical Warning
Non-clocked sequential cell  
The clock pin fc/fish_3_ypos_reg[7]/C is not reached by a timing clock
Related violations: <none>

TIMING-17#88 Critical Warning
Non-clocked sequential cell  
The clock pin fc/fish_3_ypos_reg[8]/C is not reached by a timing clock
Related violations: <none>

TIMING-17#89 Critical Warning
Non-clocked sequential cell  
The clock pin fc/fish_3_ypos_reg[9]/C is not reached by a timing clock
Related violations: <none>

TIMING-17#90 Critical Warning
Non-clocked sequential cell  
The clock pin fc/fish_4_xpos_reg[0]/C is not reached by a timing clock
Related violations: <none>

TIMING-17#91 Critical Warning
Non-clocked sequential cell  
The clock pin fc/fish_4_xpos_reg[1]/C is not reached by a timing clock
Related violations: <none>

TIMING-17#92 Critical Warning
Non-clocked sequential cell  
The clock pin fc/fish_4_xpos_reg[2]/C is not reached by a timing clock
Related violations: <none>

TIMING-17#93 Critical Warning
Non-clocked sequential cell  
The clock pin fc/fish_4_xpos_reg[3]/C is not reached by a timing clock
Related violations: <none>

TIMING-17#94 Critical Warning
Non-clocked sequential cell  
The clock pin fc/fish_4_xpos_reg[4]/C is not reached by a timing clock
Related violations: <none>

TIMING-17#95 Critical Warning
Non-clocked sequential cell  
The clock pin fc/fish_4_xpos_reg[5]/C is not reached by a timing clock
Related violations: <none>

TIMING-17#96 Critical Warning
Non-clocked sequential cell  
The clock pin fc/fish_4_xpos_reg[6]/C is not reached by a timing clock
Related violations: <none>

TIMING-17#97 Critical Warning
Non-clocked sequential cell  
The clock pin fc/fish_4_xpos_reg[7]/C is not reached by a timing clock
Related violations: <none>

TIMING-17#98 Critical Warning
Non-clocked sequential cell  
The clock pin fc/fish_4_xpos_reg[8]/C is not reached by a timing clock
Related violations: <none>

TIMING-17#99 Critical Warning
Non-clocked sequential cell  
The clock pin fc/fish_4_xpos_reg[9]/C is not reached by a timing clock
Related violations: <none>

TIMING-17#100 Critical Warning
Non-clocked sequential cell  
The clock pin fc/fish_4_ypos_reg[0]/C is not reached by a timing clock
Related violations: <none>

TIMING-17#101 Critical Warning
Non-clocked sequential cell  
The clock pin fc/fish_4_ypos_reg[1]/C is not reached by a timing clock
Related violations: <none>

TIMING-17#102 Critical Warning
Non-clocked sequential cell  
The clock pin fc/fish_4_ypos_reg[2]/C is not reached by a timing clock
Related violations: <none>

TIMING-17#103 Critical Warning
Non-clocked sequential cell  
The clock pin fc/fish_4_ypos_reg[3]/C is not reached by a timing clock
Related violations: <none>

TIMING-17#104 Critical Warning
Non-clocked sequential cell  
The clock pin fc/fish_4_ypos_reg[4]/C is not reached by a timing clock
Related violations: <none>

TIMING-17#105 Critical Warning
Non-clocked sequential cell  
The clock pin fc/fish_4_ypos_reg[5]/C is not reached by a timing clock
Related violations: <none>

TIMING-17#106 Critical Warning
Non-clocked sequential cell  
The clock pin fc/fish_4_ypos_reg[6]/C is not reached by a timing clock
Related violations: <none>

TIMING-17#107 Critical Warning
Non-clocked sequential cell  
The clock pin fc/fish_4_ypos_reg[7]/C is not reached by a timing clock
Related violations: <none>

TIMING-17#108 Critical Warning
Non-clocked sequential cell  
The clock pin fc/fish_4_ypos_reg[8]/C is not reached by a timing clock
Related violations: <none>

TIMING-17#109 Critical Warning
Non-clocked sequential cell  
The clock pin fc/fish_4_ypos_reg[9]/C is not reached by a timing clock
Related violations: <none>

TIMING-17#110 Critical Warning
Non-clocked sequential cell  
The clock pin fc/fish_caught_lost_reg/C is not reached by a timing clock
Related violations: <none>

TIMING-17#111 Critical Warning
Non-clocked sequential cell  
The clock pin fc/fish_hooked_reg/C is not reached by a timing clock
Related violations: <none>

TIMING-17#112 Critical Warning
Non-clocked sequential cell  
The clock pin fc/hook_ypos_reg[0]/C is not reached by a timing clock
Related violations: <none>

TIMING-17#113 Critical Warning
Non-clocked sequential cell  
The clock pin fc/hook_ypos_reg[1]/C is not reached by a timing clock
Related violations: <none>

TIMING-17#114 Critical Warning
Non-clocked sequential cell  
The clock pin fc/hook_ypos_reg[2]/C is not reached by a timing clock
Related violations: <none>

TIMING-17#115 Critical Warning
Non-clocked sequential cell  
The clock pin fc/hook_ypos_reg[3]/C is not reached by a timing clock
Related violations: <none>

TIMING-17#116 Critical Warning
Non-clocked sequential cell  
The clock pin fc/hook_ypos_reg[4]/C is not reached by a timing clock
Related violations: <none>

TIMING-17#117 Critical Warning
Non-clocked sequential cell  
The clock pin fc/hook_ypos_reg[5]/C is not reached by a timing clock
Related violations: <none>

TIMING-17#118 Critical Warning
Non-clocked sequential cell  
The clock pin fc/hook_ypos_reg[6]/C is not reached by a timing clock
Related violations: <none>

TIMING-17#119 Critical Warning
Non-clocked sequential cell  
The clock pin fc/hook_ypos_reg[7]/C is not reached by a timing clock
Related violations: <none>

TIMING-17#120 Critical Warning
Non-clocked sequential cell  
The clock pin fc/hook_ypos_reg[8]/C is not reached by a timing clock
Related violations: <none>

TIMING-17#121 Critical Warning
Non-clocked sequential cell  
The clock pin fc/hook_ypos_reg[9]/C is not reached by a timing clock
Related violations: <none>

TIMING-17#122 Critical Warning
Non-clocked sequential cell  
The clock pin fc/score_reg[0]/C is not reached by a timing clock
Related violations: <none>

TIMING-17#123 Critical Warning
Non-clocked sequential cell  
The clock pin fc/score_reg[10]/C is not reached by a timing clock
Related violations: <none>

TIMING-17#124 Critical Warning
Non-clocked sequential cell  
The clock pin fc/score_reg[11]/C is not reached by a timing clock
Related violations: <none>

TIMING-17#125 Critical Warning
Non-clocked sequential cell  
The clock pin fc/score_reg[12]/C is not reached by a timing clock
Related violations: <none>

TIMING-17#126 Critical Warning
Non-clocked sequential cell  
The clock pin fc/score_reg[13]/C is not reached by a timing clock
Related violations: <none>

TIMING-17#127 Critical Warning
Non-clocked sequential cell  
The clock pin fc/score_reg[14]/C is not reached by a timing clock
Related violations: <none>

TIMING-17#128 Critical Warning
Non-clocked sequential cell  
The clock pin fc/score_reg[15]/C is not reached by a timing clock
Related violations: <none>

TIMING-17#129 Critical Warning
Non-clocked sequential cell  
The clock pin fc/score_reg[1]/C is not reached by a timing clock
Related violations: <none>

TIMING-17#130 Critical Warning
Non-clocked sequential cell  
The clock pin fc/score_reg[2]/C is not reached by a timing clock
Related violations: <none>

TIMING-17#131 Critical Warning
Non-clocked sequential cell  
The clock pin fc/score_reg[3]/C is not reached by a timing clock
Related violations: <none>

TIMING-17#132 Critical Warning
Non-clocked sequential cell  
The clock pin fc/score_reg[4]/C is not reached by a timing clock
Related violations: <none>

TIMING-17#133 Critical Warning
Non-clocked sequential cell  
The clock pin fc/score_reg[5]/C is not reached by a timing clock
Related violations: <none>

TIMING-17#134 Critical Warning
Non-clocked sequential cell  
The clock pin fc/score_reg[6]/C is not reached by a timing clock
Related violations: <none>

TIMING-17#135 Critical Warning
Non-clocked sequential cell  
The clock pin fc/score_reg[7]/C is not reached by a timing clock
Related violations: <none>

TIMING-17#136 Critical Warning
Non-clocked sequential cell  
The clock pin fc/score_reg[8]/C is not reached by a timing clock
Related violations: <none>

TIMING-17#137 Critical Warning
Non-clocked sequential cell  
The clock pin fc/score_reg[9]/C is not reached by a timing clock
Related violations: <none>

TIMING-17#138 Critical Warning
Non-clocked sequential cell  
The clock pin ft/count_down_reg[0]/C is not reached by a timing clock
Related violations: <none>

TIMING-17#139 Critical Warning
Non-clocked sequential cell  
The clock pin ft/count_down_reg[10]/C is not reached by a timing clock
Related violations: <none>

TIMING-17#140 Critical Warning
Non-clocked sequential cell  
The clock pin ft/count_down_reg[11]/C is not reached by a timing clock
Related violations: <none>

TIMING-17#141 Critical Warning
Non-clocked sequential cell  
The clock pin ft/count_down_reg[12]/C is not reached by a timing clock
Related violations: <none>

TIMING-17#142 Critical Warning
Non-clocked sequential cell  
The clock pin ft/count_down_reg[13]/C is not reached by a timing clock
Related violations: <none>

TIMING-17#143 Critical Warning
Non-clocked sequential cell  
The clock pin ft/count_down_reg[14]/C is not reached by a timing clock
Related violations: <none>

TIMING-17#144 Critical Warning
Non-clocked sequential cell  
The clock pin ft/count_down_reg[15]/C is not reached by a timing clock
Related violations: <none>

TIMING-17#145 Critical Warning
Non-clocked sequential cell  
The clock pin ft/count_down_reg[1]/C is not reached by a timing clock
Related violations: <none>

TIMING-17#146 Critical Warning
Non-clocked sequential cell  
The clock pin ft/count_down_reg[2]/C is not reached by a timing clock
Related violations: <none>

TIMING-17#147 Critical Warning
Non-clocked sequential cell  
The clock pin ft/count_down_reg[3]/C is not reached by a timing clock
Related violations: <none>

TIMING-17#148 Critical Warning
Non-clocked sequential cell  
The clock pin ft/count_down_reg[4]/C is not reached by a timing clock
Related violations: <none>

TIMING-17#149 Critical Warning
Non-clocked sequential cell  
The clock pin ft/count_down_reg[5]/C is not reached by a timing clock
Related violations: <none>

TIMING-17#150 Critical Warning
Non-clocked sequential cell  
The clock pin ft/count_down_reg[6]/C is not reached by a timing clock
Related violations: <none>

TIMING-17#151 Critical Warning
Non-clocked sequential cell  
The clock pin ft/count_down_reg[7]/C is not reached by a timing clock
Related violations: <none>

TIMING-17#152 Critical Warning
Non-clocked sequential cell  
The clock pin ft/count_down_reg[8]/C is not reached by a timing clock
Related violations: <none>

TIMING-17#153 Critical Warning
Non-clocked sequential cell  
The clock pin ft/count_down_reg[9]/C is not reached by a timing clock
Related violations: <none>

LUTAR-1#1 Warning
LUT drives async reset alert  
LUT cell dc/rgb_reg[11]_i_3, with 2 or more inputs, drives asynchronous preset/clear pin(s) fc/rgb_reg[0]/CLR, fc/rgb_reg[10]/CLR, fc/rgb_reg[11]/CLR,
fc/rgb_reg[1]/CLR, fc/rgb_reg[2]/CLR, fc/rgb_reg[3]/CLR, fc/rgb_reg[4]/CLR,
fc/rgb_reg[5]/CLR, fc/rgb_reg[6]/CLR, fc/rgb_reg[7]/CLR, fc/rgb_reg[8]/CLR
fc/rgb_reg[9]/CLR. The LUT may glitch and trigger an unexpected reset, even if it is a properly timed path.
Related violations: <none>

LUTAR-1#2 Warning
LUT drives async reset alert  
LUT cell fc/dock_/color_data_reg[10]_i_3__1, with 2 or more inputs, drives asynchronous preset/clear pin(s) fc/dock_/color_data_reg[10]/CLR. The LUT may glitch and trigger an unexpected reset, even if it is a properly timed path.
Related violations: <none>

LUTAR-1#3 Warning
LUT drives async reset alert  
LUT cell fc/dock_/color_data_reg[11]_i_3__1, with 2 or more inputs, drives asynchronous preset/clear pin(s) fc/dock_/color_data_reg[0]/CLR, fc/dock_/color_data_reg[11]/CLR,
fc/dock_/color_data_reg[1]/CLR, fc/dock_/color_data_reg[9]/CLR. The LUT may glitch and trigger an unexpected reset, even if it is a properly timed path.
Related violations: <none>

LUTAR-1#4 Warning
LUT drives async reset alert  
LUT cell fc/dock_/color_data_reg[2]_i_3__1, with 2 or more inputs, drives asynchronous preset/clear pin(s) fc/dock_/color_data_reg[2]/CLR. The LUT may glitch and trigger an unexpected reset, even if it is a properly timed path.
Related violations: <none>

LUTAR-1#5 Warning
LUT drives async reset alert  
LUT cell fc/dock_/color_data_reg[7]_i_3__1, with 2 or more inputs, drives asynchronous preset/clear pin(s) fc/dock_/color_data_reg[4]/PRE, fc/dock_/color_data_reg[5]/PRE,
fc/dock_/color_data_reg[6]/PRE, fc/dock_/color_data_reg[7]/PRE. The LUT may glitch and trigger an unexpected reset, even if it is a properly timed path.
Related violations: <none>

LUTAR-1#6 Warning
LUT drives async reset alert  
LUT cell fc/fastfish1_/color_data_reg[0]_i_3__5, with 2 or more inputs, drives asynchronous preset/clear pin(s) fc/fastfish1_/color_data_reg[0]/CLR. The LUT may glitch and trigger an unexpected reset, even if it is a properly timed path.
Related violations: <none>

LUTAR-1#7 Warning
LUT drives async reset alert  
LUT cell fc/fastfish1_/color_data_reg[7]_i_3__4, with 2 or more inputs, drives asynchronous preset/clear pin(s) fc/fastfish1_/color_data_reg[6]/PRE, fc/fastfish1_/color_data_reg[7]/PRE. The LUT may glitch and trigger an unexpected reset, even if it is a properly timed path.
Related violations: <none>

LUTAR-1#8 Warning
LUT drives async reset alert  
LUT cell fc/fastfish1_/color_data_reg[9]_i_3__2, with 2 or more inputs, drives asynchronous preset/clear pin(s) fc/fastfish1_/color_data_reg[9]/CLR. The LUT may glitch and trigger an unexpected reset, even if it is a properly timed path.
Related violations: <none>

LUTAR-1#9 Warning
LUT drives async reset alert  
LUT cell fc/fastfish2_/color_data_reg[0]_i_3__6, with 2 or more inputs, drives asynchronous preset/clear pin(s) fc/fastfish2_/color_data_reg[0]/CLR. The LUT may glitch and trigger an unexpected reset, even if it is a properly timed path.
Related violations: <none>

LUTAR-1#10 Warning
LUT drives async reset alert  
LUT cell fc/fastfish2_/color_data_reg[7]_i_3__5, with 2 or more inputs, drives asynchronous preset/clear pin(s) fc/fastfish2_/color_data_reg[6]/PRE, fc/fastfish2_/color_data_reg[7]/PRE. The LUT may glitch and trigger an unexpected reset, even if it is a properly timed path.
Related violations: <none>

LUTAR-1#11 Warning
LUT drives async reset alert  
LUT cell fc/fastfish2_/color_data_reg[9]_i_3__3, with 2 or more inputs, drives asynchronous preset/clear pin(s) fc/fastfish2_/color_data_reg[9]/CLR. The LUT may glitch and trigger an unexpected reset, even if it is a properly timed path.
Related violations: <none>

LUTAR-1#12 Warning
LUT drives async reset alert  
LUT cell fc/gameover_/color_data_reg[6]_i_3__2, with 2 or more inputs, drives asynchronous preset/clear pin(s) fc/gameover_/color_data_reg[6]/PRE. The LUT may glitch and trigger an unexpected reset, even if it is a properly timed path.
Related violations: <none>

LUTAR-1#13 Warning
LUT drives async reset alert  
LUT cell fc/hook_/color_data_reg[11]_i_3__2, with 2 or more inputs, drives asynchronous preset/clear pin(s) fc/hook_/color_data_reg[11]/CLR, fc/hook_/color_data_reg[3]/CLR. The LUT may glitch and trigger an unexpected reset, even if it is a properly timed path.
Related violations: <none>

LUTAR-1#14 Warning
LUT drives async reset alert  
LUT cell fc/hook_/color_data_reg[7]_i_3__6, with 2 or more inputs, drives asynchronous preset/clear pin(s) fc/hook_/color_data_reg[4]/PRE, fc/hook_/color_data_reg[5]/PRE,
fc/hook_/color_data_reg[6]/PRE, fc/hook_/color_data_reg[7]/PRE. The LUT may glitch and trigger an unexpected reset, even if it is a properly timed path.
Related violations: <none>

LUTAR-1#15 Warning
LUT drives async reset alert  
LUT cell fc/hook_/color_data_reg[9]_i_3__4, with 2 or more inputs, drives asynchronous preset/clear pin(s) fc/hook_/color_data_reg[0]/CLR, fc/hook_/color_data_reg[1]/CLR,
fc/hook_/color_data_reg[2]/CLR, fc/hook_/color_data_reg[8]/CLR
fc/hook_/color_data_reg[9]/CLR. The LUT may glitch and trigger an unexpected reset, even if it is a properly timed path.
Related violations: <none>

LUTAR-1#16 Warning
LUT drives async reset alert  
LUT cell fc/rod_/color_data_reg[0]_i_3__0, with 2 or more inputs, drives asynchronous preset/clear pin(s) fc/rod_/color_data_reg[0]/CLR. The LUT may glitch and trigger an unexpected reset, even if it is a properly timed path.
Related violations: <none>

LUTAR-1#17 Warning
LUT drives async reset alert  
LUT cell fc/rod_/color_data_reg[10]_i_3__0, with 2 or more inputs, drives asynchronous preset/clear pin(s) fc/rod_/color_data_reg[10]/CLR. The LUT may glitch and trigger an unexpected reset, even if it is a properly timed path.
Related violations: <none>

LUTAR-1#18 Warning
LUT drives async reset alert  
LUT cell fc/rod_/color_data_reg[11]_i_3__0, with 2 or more inputs, drives asynchronous preset/clear pin(s) fc/rod_/color_data_reg[11]/CLR, fc/rod_/color_data_reg[1]/CLR. The LUT may glitch and trigger an unexpected reset, even if it is a properly timed path.
Related violations: <none>

LUTAR-1#19 Warning
LUT drives async reset alert  
LUT cell fc/rod_/color_data_reg[2]_i_3__0, with 2 or more inputs, drives asynchronous preset/clear pin(s) fc/rod_/color_data_reg[2]/CLR. The LUT may glitch and trigger an unexpected reset, even if it is a properly timed path.
Related violations: <none>

LUTAR-1#20 Warning
LUT drives async reset alert  
LUT cell fc/rod_/color_data_reg[3]_i_3__0, with 2 or more inputs, drives asynchronous preset/clear pin(s) fc/rod_/color_data_reg[3]/CLR. The LUT may glitch and trigger an unexpected reset, even if it is a properly timed path.
Related violations: <none>

LUTAR-1#21 Warning
LUT drives async reset alert  
LUT cell fc/rod_/color_data_reg[7]_i_3__0, with 2 or more inputs, drives asynchronous preset/clear pin(s) fc/rod_/color_data_reg[4]/PRE, fc/rod_/color_data_reg[5]/PRE,
fc/rod_/color_data_reg[6]/PRE, fc/rod_/color_data_reg[7]/PRE. The LUT may glitch and trigger an unexpected reset, even if it is a properly timed path.
Related violations: <none>

LUTAR-1#22 Warning
LUT drives async reset alert  
LUT cell fc/rod_/color_data_reg[8]_i_3__0, with 2 or more inputs, drives asynchronous preset/clear pin(s) fc/rod_/color_data_reg[8]/CLR. The LUT may glitch and trigger an unexpected reset, even if it is a properly timed path.
Related violations: <none>

LUTAR-1#23 Warning
LUT drives async reset alert  
LUT cell fc/rod_/color_data_reg[9]_i_3__0, with 2 or more inputs, drives asynchronous preset/clear pin(s) fc/rod_/color_data_reg[9]/CLR. The LUT may glitch and trigger an unexpected reset, even if it is a properly timed path.
Related violations: <none>

LUTAR-1#24 Warning
LUT drives async reset alert  
LUT cell fc/slowfish1_/color_data_reg[0]_i_3__3, with 2 or more inputs, drives asynchronous preset/clear pin(s) fc/slowfish1_/color_data_reg[0]/CLR. The LUT may glitch and trigger an unexpected reset, even if it is a properly timed path.
Related violations: <none>

LUTAR-1#25 Warning
LUT drives async reset alert  
LUT cell fc/slowfish1_/color_data_reg[2]_i_3__2, with 2 or more inputs, drives asynchronous preset/clear pin(s) fc/slowfish1_/color_data_reg[2]/CLR. The LUT may glitch and trigger an unexpected reset, even if it is a properly timed path.
Related violations: <none>

LUTAR-1#26 Warning
LUT drives async reset alert  
LUT cell fc/slowfish1_/color_data_reg[7]_i_3__2, with 2 or more inputs, drives asynchronous preset/clear pin(s) fc/slowfish1_/color_data_reg[6]/PRE, fc/slowfish1_/color_data_reg[7]/PRE. The LUT may glitch and trigger an unexpected reset, even if it is a properly timed path.
Related violations: <none>

LUTAR-1#27 Warning
LUT drives async reset alert  
LUT cell fc/slowfish2_/color_data_reg[0]_i_3__4, with 2 or more inputs, drives asynchronous preset/clear pin(s) fc/slowfish2_/color_data_reg[0]/CLR. The LUT may glitch and trigger an unexpected reset, even if it is a properly timed path.
Related violations: <none>

LUTAR-1#28 Warning
LUT drives async reset alert  
LUT cell fc/slowfish2_/color_data_reg[2]_i_3__3, with 2 or more inputs, drives asynchronous preset/clear pin(s) fc/slowfish2_/color_data_reg[2]/CLR. The LUT may glitch and trigger an unexpected reset, even if it is a properly timed path.
Related violations: <none>

LUTAR-1#29 Warning
LUT drives async reset alert  
LUT cell fc/slowfish2_/color_data_reg[7]_i_3__3, with 2 or more inputs, drives asynchronous preset/clear pin(s) fc/slowfish2_/color_data_reg[6]/PRE, fc/slowfish2_/color_data_reg[7]/PRE. The LUT may glitch and trigger an unexpected reset, even if it is a properly timed path.
Related violations: <none>

LUTAR-1#30 Warning
LUT drives async reset alert  
LUT cell fc/splash_/color_data_reg[10]_i_3, with 2 or more inputs, drives asynchronous preset/clear pin(s) fc/splash_/color_data_reg[0]/PRE, fc/splash_/color_data_reg[10]/PRE,
fc/splash_/color_data_reg[4]/PRE, fc/splash_/color_data_reg[5]/PRE
fc/splash_/color_data_reg[9]/PRE. The LUT may glitch and trigger an unexpected reset, even if it is a properly timed path.
Related violations: <none>

LUTAR-1#31 Warning
LUT drives async reset alert  
LUT cell fc/splash_/color_data_reg[11]_i_3, with 2 or more inputs, drives asynchronous preset/clear pin(s) fc/splash_/color_data_reg[11]/CLR. The LUT may glitch and trigger an unexpected reset, even if it is a properly timed path.
Related violations: <none>

LUTAR-1#32 Warning
LUT drives async reset alert  
LUT cell fc/splash_/color_data_reg[2]_i_3, with 2 or more inputs, drives asynchronous preset/clear pin(s) fc/splash_/color_data_reg[1]/CLR, fc/splash_/color_data_reg[2]/PRE. The LUT may glitch and trigger an unexpected reset, even if it is a properly timed path.
Related violations: <none>

LUTAR-1#33 Warning
LUT drives async reset alert  
LUT cell fc/splash_/color_data_reg[3]_i_3, with 2 or more inputs, drives asynchronous preset/clear pin(s) fc/splash_/color_data_reg[3]/PRE. The LUT may glitch and trigger an unexpected reset, even if it is a properly timed path.
Related violations: <none>

LUTAR-1#34 Warning
LUT drives async reset alert  
LUT cell fc/splash_/color_data_reg[7]_i_2, with 2 or more inputs, drives asynchronous preset/clear pin(s) fc/splash_/color_data_reg[6]/CLR, fc/splash_/color_data_reg[7]/PRE. The LUT may glitch and trigger an unexpected reset, even if it is a properly timed path.
Related violations: <none>

LUTAR-1#35 Warning
LUT drives async reset alert  
LUT cell fc/splash_/color_data_reg[8]_i_3, with 2 or more inputs, drives asynchronous preset/clear pin(s) fc/splash_/color_data_reg[8]/PRE. The LUT may glitch and trigger an unexpected reset, even if it is a properly timed path.
Related violations: <none>

LUTAR-1#36 Warning
LUT drives async reset alert  
LUT cell fc/start_/color_data_reg[0]_i_3__2, with 2 or more inputs, drives asynchronous preset/clear pin(s) fc/start_/color_data_reg[0]/PRE. The LUT may glitch and trigger an unexpected reset, even if it is a properly timed path.
Related violations: <none>

TIMING-18#1 Warning
Missing input or output delay  
An input delay is missing on BtnC relative to clock(s) ClkPort
Related violations: <none>

TIMING-18#2 Warning
Missing input or output delay  
An input delay is missing on BtnL relative to clock(s) ClkPort
Related violations: <none>

TIMING-18#3 Warning
Missing input or output delay  
An input delay is missing on BtnU relative to clock(s) ClkPort
Related violations: <none>

TIMING-18#4 Warning
Missing input or output delay  
An output delay is missing on An0 relative to clock(s) ClkPort
Related violations: <none>

TIMING-18#5 Warning
Missing input or output delay  
An output delay is missing on An1 relative to clock(s) ClkPort
Related violations: <none>

TIMING-18#6 Warning
Missing input or output delay  
An output delay is missing on An2 relative to clock(s) ClkPort
Related violations: <none>

TIMING-18#7 Warning
Missing input or output delay  
An output delay is missing on An3 relative to clock(s) ClkPort
Related violations: <none>

TIMING-18#8 Warning
Missing input or output delay  
An output delay is missing on An4 relative to clock(s) ClkPort
Related violations: <none>

TIMING-18#9 Warning
Missing input or output delay  
An output delay is missing on An5 relative to clock(s) ClkPort
Related violations: <none>

TIMING-18#10 Warning
Missing input or output delay  
An output delay is missing on An6 relative to clock(s) ClkPort
Related violations: <none>

TIMING-18#11 Warning
Missing input or output delay  
An output delay is missing on An7 relative to clock(s) ClkPort
Related violations: <none>

TIMING-18#12 Warning
Missing input or output delay  
An output delay is missing on Ca relative to clock(s) ClkPort
Related violations: <none>

TIMING-18#13 Warning
Missing input or output delay  
An output delay is missing on Cb relative to clock(s) ClkPort
Related violations: <none>

TIMING-18#14 Warning
Missing input or output delay  
An output delay is missing on Cc relative to clock(s) ClkPort
Related violations: <none>

TIMING-18#15 Warning
Missing input or output delay  
An output delay is missing on Cd relative to clock(s) ClkPort
Related violations: <none>

TIMING-18#16 Warning
Missing input or output delay  
An output delay is missing on Ce relative to clock(s) ClkPort
Related violations: <none>

TIMING-18#17 Warning
Missing input or output delay  
An output delay is missing on Cf relative to clock(s) ClkPort
Related violations: <none>

TIMING-18#18 Warning
Missing input or output delay  
An output delay is missing on Cg relative to clock(s) ClkPort
Related violations: <none>

TIMING-20#1 Warning
Non-clocked latch  
The latch Ld0_reg cannot be properly analyzed as its control pin Ld0_reg/G is not reached by a timing clock
Related violations: <none>

TIMING-20#2 Warning
Non-clocked latch  
The latch Ld1_reg cannot be properly analyzed as its control pin Ld1_reg/G is not reached by a timing clock
Related violations: <none>

TIMING-20#3 Warning
Non-clocked latch  
The latch Ld2_reg cannot be properly analyzed as its control pin Ld2_reg/G is not reached by a timing clock
Related violations: <none>

TIMING-20#4 Warning
Non-clocked latch  
The latch Ld3_reg cannot be properly analyzed as its control pin Ld3_reg/G is not reached by a timing clock
Related violations: <none>

TIMING-20#5 Warning
Non-clocked latch  
The latch fc/dock_/color_data_reg[0] cannot be properly analyzed as its control pin fc/dock_/color_data_reg[0]/G is not reached by a timing clock
Related violations: <none>

TIMING-20#6 Warning
Non-clocked latch  
The latch fc/dock_/color_data_reg[10] cannot be properly analyzed as its control pin fc/dock_/color_data_reg[10]/G is not reached by a timing clock
Related violations: <none>

TIMING-20#7 Warning
Non-clocked latch  
The latch fc/dock_/color_data_reg[11] cannot be properly analyzed as its control pin fc/dock_/color_data_reg[11]/G is not reached by a timing clock
Related violations: <none>

TIMING-20#8 Warning
Non-clocked latch  
The latch fc/dock_/color_data_reg[1] cannot be properly analyzed as its control pin fc/dock_/color_data_reg[1]/G is not reached by a timing clock
Related violations: <none>

TIMING-20#9 Warning
Non-clocked latch  
The latch fc/dock_/color_data_reg[2] cannot be properly analyzed as its control pin fc/dock_/color_data_reg[2]/G is not reached by a timing clock
Related violations: <none>

TIMING-20#10 Warning
Non-clocked latch  
The latch fc/dock_/color_data_reg[4] cannot be properly analyzed as its control pin fc/dock_/color_data_reg[4]/G is not reached by a timing clock
Related violations: <none>

TIMING-20#11 Warning
Non-clocked latch  
The latch fc/dock_/color_data_reg[5] cannot be properly analyzed as its control pin fc/dock_/color_data_reg[5]/G is not reached by a timing clock
Related violations: <none>

TIMING-20#12 Warning
Non-clocked latch  
The latch fc/dock_/color_data_reg[6] cannot be properly analyzed as its control pin fc/dock_/color_data_reg[6]/G is not reached by a timing clock
Related violations: <none>

TIMING-20#13 Warning
Non-clocked latch  
The latch fc/dock_/color_data_reg[7] cannot be properly analyzed as its control pin fc/dock_/color_data_reg[7]/G is not reached by a timing clock
Related violations: <none>

TIMING-20#14 Warning
Non-clocked latch  
The latch fc/dock_/color_data_reg[9] cannot be properly analyzed as its control pin fc/dock_/color_data_reg[9]/G is not reached by a timing clock
Related violations: <none>

TIMING-20#15 Warning
Non-clocked latch  
The latch fc/fastfish1_/color_data_reg[0] cannot be properly analyzed as its control pin fc/fastfish1_/color_data_reg[0]/G is not reached by a timing clock
Related violations: <none>

TIMING-20#16 Warning
Non-clocked latch  
The latch fc/fastfish1_/color_data_reg[6] cannot be properly analyzed as its control pin fc/fastfish1_/color_data_reg[6]/G is not reached by a timing clock
Related violations: <none>

TIMING-20#17 Warning
Non-clocked latch  
The latch fc/fastfish1_/color_data_reg[7] cannot be properly analyzed as its control pin fc/fastfish1_/color_data_reg[7]/G is not reached by a timing clock
Related violations: <none>

TIMING-20#18 Warning
Non-clocked latch  
The latch fc/fastfish1_/color_data_reg[9] cannot be properly analyzed as its control pin fc/fastfish1_/color_data_reg[9]/G is not reached by a timing clock
Related violations: <none>

TIMING-20#19 Warning
Non-clocked latch  
The latch fc/fastfish2_/color_data_reg[0] cannot be properly analyzed as its control pin fc/fastfish2_/color_data_reg[0]/G is not reached by a timing clock
Related violations: <none>

TIMING-20#20 Warning
Non-clocked latch  
The latch fc/fastfish2_/color_data_reg[6] cannot be properly analyzed as its control pin fc/fastfish2_/color_data_reg[6]/G is not reached by a timing clock
Related violations: <none>

TIMING-20#21 Warning
Non-clocked latch  
The latch fc/fastfish2_/color_data_reg[7] cannot be properly analyzed as its control pin fc/fastfish2_/color_data_reg[7]/G is not reached by a timing clock
Related violations: <none>

TIMING-20#22 Warning
Non-clocked latch  
The latch fc/fastfish2_/color_data_reg[9] cannot be properly analyzed as its control pin fc/fastfish2_/color_data_reg[9]/G is not reached by a timing clock
Related violations: <none>

TIMING-20#23 Warning
Non-clocked latch  
The latch fc/gameover_/color_data_reg[6] cannot be properly analyzed as its control pin fc/gameover_/color_data_reg[6]/G is not reached by a timing clock
Related violations: <none>

TIMING-20#24 Warning
Non-clocked latch  
The latch fc/hook_/color_data_reg[0] cannot be properly analyzed as its control pin fc/hook_/color_data_reg[0]/G is not reached by a timing clock
Related violations: <none>

TIMING-20#25 Warning
Non-clocked latch  
The latch fc/hook_/color_data_reg[11] cannot be properly analyzed as its control pin fc/hook_/color_data_reg[11]/G is not reached by a timing clock
Related violations: <none>

TIMING-20#26 Warning
Non-clocked latch  
The latch fc/hook_/color_data_reg[1] cannot be properly analyzed as its control pin fc/hook_/color_data_reg[1]/G is not reached by a timing clock
Related violations: <none>

TIMING-20#27 Warning
Non-clocked latch  
The latch fc/hook_/color_data_reg[2] cannot be properly analyzed as its control pin fc/hook_/color_data_reg[2]/G is not reached by a timing clock
Related violations: <none>

TIMING-20#28 Warning
Non-clocked latch  
The latch fc/hook_/color_data_reg[3] cannot be properly analyzed as its control pin fc/hook_/color_data_reg[3]/G is not reached by a timing clock
Related violations: <none>

TIMING-20#29 Warning
Non-clocked latch  
The latch fc/hook_/color_data_reg[4] cannot be properly analyzed as its control pin fc/hook_/color_data_reg[4]/G is not reached by a timing clock
Related violations: <none>

TIMING-20#30 Warning
Non-clocked latch  
The latch fc/hook_/color_data_reg[5] cannot be properly analyzed as its control pin fc/hook_/color_data_reg[5]/G is not reached by a timing clock
Related violations: <none>

TIMING-20#31 Warning
Non-clocked latch  
The latch fc/hook_/color_data_reg[6] cannot be properly analyzed as its control pin fc/hook_/color_data_reg[6]/G is not reached by a timing clock
Related violations: <none>

TIMING-20#32 Warning
Non-clocked latch  
The latch fc/hook_/color_data_reg[7] cannot be properly analyzed as its control pin fc/hook_/color_data_reg[7]/G is not reached by a timing clock
Related violations: <none>

TIMING-20#33 Warning
Non-clocked latch  
The latch fc/hook_/color_data_reg[8] cannot be properly analyzed as its control pin fc/hook_/color_data_reg[8]/G is not reached by a timing clock
Related violations: <none>

TIMING-20#34 Warning
Non-clocked latch  
The latch fc/hook_/color_data_reg[9] cannot be properly analyzed as its control pin fc/hook_/color_data_reg[9]/G is not reached by a timing clock
Related violations: <none>

TIMING-20#35 Warning
Non-clocked latch  
The latch fc/rgb_reg[0] cannot be properly analyzed as its control pin fc/rgb_reg[0]/G is not reached by a timing clock
Related violations: <none>

TIMING-20#36 Warning
Non-clocked latch  
The latch fc/rgb_reg[10] cannot be properly analyzed as its control pin fc/rgb_reg[10]/G is not reached by a timing clock
Related violations: <none>

TIMING-20#37 Warning
Non-clocked latch  
The latch fc/rgb_reg[11] cannot be properly analyzed as its control pin fc/rgb_reg[11]/G is not reached by a timing clock
Related violations: <none>

TIMING-20#38 Warning
Non-clocked latch  
The latch fc/rgb_reg[1] cannot be properly analyzed as its control pin fc/rgb_reg[1]/G is not reached by a timing clock
Related violations: <none>

TIMING-20#39 Warning
Non-clocked latch  
The latch fc/rgb_reg[2] cannot be properly analyzed as its control pin fc/rgb_reg[2]/G is not reached by a timing clock
Related violations: <none>

TIMING-20#40 Warning
Non-clocked latch  
The latch fc/rgb_reg[3] cannot be properly analyzed as its control pin fc/rgb_reg[3]/G is not reached by a timing clock
Related violations: <none>

TIMING-20#41 Warning
Non-clocked latch  
The latch fc/rgb_reg[4] cannot be properly analyzed as its control pin fc/rgb_reg[4]/G is not reached by a timing clock
Related violations: <none>

TIMING-20#42 Warning
Non-clocked latch  
The latch fc/rgb_reg[5] cannot be properly analyzed as its control pin fc/rgb_reg[5]/G is not reached by a timing clock
Related violations: <none>

TIMING-20#43 Warning
Non-clocked latch  
The latch fc/rgb_reg[6] cannot be properly analyzed as its control pin fc/rgb_reg[6]/G is not reached by a timing clock
Related violations: <none>

TIMING-20#44 Warning
Non-clocked latch  
The latch fc/rgb_reg[7] cannot be properly analyzed as its control pin fc/rgb_reg[7]/G is not reached by a timing clock
Related violations: <none>

TIMING-20#45 Warning
Non-clocked latch  
The latch fc/rgb_reg[8] cannot be properly analyzed as its control pin fc/rgb_reg[8]/G is not reached by a timing clock
Related violations: <none>

TIMING-20#46 Warning
Non-clocked latch  
The latch fc/rgb_reg[9] cannot be properly analyzed as its control pin fc/rgb_reg[9]/G is not reached by a timing clock
Related violations: <none>

TIMING-20#47 Warning
Non-clocked latch  
The latch fc/rod_/color_data_reg[0] cannot be properly analyzed as its control pin fc/rod_/color_data_reg[0]/G is not reached by a timing clock
Related violations: <none>

TIMING-20#48 Warning
Non-clocked latch  
The latch fc/rod_/color_data_reg[10] cannot be properly analyzed as its control pin fc/rod_/color_data_reg[10]/G is not reached by a timing clock
Related violations: <none>

TIMING-20#49 Warning
Non-clocked latch  
The latch fc/rod_/color_data_reg[11] cannot be properly analyzed as its control pin fc/rod_/color_data_reg[11]/G is not reached by a timing clock
Related violations: <none>

TIMING-20#50 Warning
Non-clocked latch  
The latch fc/rod_/color_data_reg[1] cannot be properly analyzed as its control pin fc/rod_/color_data_reg[1]/G is not reached by a timing clock
Related violations: <none>

TIMING-20#51 Warning
Non-clocked latch  
The latch fc/rod_/color_data_reg[2] cannot be properly analyzed as its control pin fc/rod_/color_data_reg[2]/G is not reached by a timing clock
Related violations: <none>

TIMING-20#52 Warning
Non-clocked latch  
The latch fc/rod_/color_data_reg[3] cannot be properly analyzed as its control pin fc/rod_/color_data_reg[3]/G is not reached by a timing clock
Related violations: <none>

TIMING-20#53 Warning
Non-clocked latch  
The latch fc/rod_/color_data_reg[4] cannot be properly analyzed as its control pin fc/rod_/color_data_reg[4]/G is not reached by a timing clock
Related violations: <none>

TIMING-20#54 Warning
Non-clocked latch  
The latch fc/rod_/color_data_reg[5] cannot be properly analyzed as its control pin fc/rod_/color_data_reg[5]/G is not reached by a timing clock
Related violations: <none>

TIMING-20#55 Warning
Non-clocked latch  
The latch fc/rod_/color_data_reg[6] cannot be properly analyzed as its control pin fc/rod_/color_data_reg[6]/G is not reached by a timing clock
Related violations: <none>

TIMING-20#56 Warning
Non-clocked latch  
The latch fc/rod_/color_data_reg[7] cannot be properly analyzed as its control pin fc/rod_/color_data_reg[7]/G is not reached by a timing clock
Related violations: <none>

TIMING-20#57 Warning
Non-clocked latch  
The latch fc/rod_/color_data_reg[8] cannot be properly analyzed as its control pin fc/rod_/color_data_reg[8]/G is not reached by a timing clock
Related violations: <none>

TIMING-20#58 Warning
Non-clocked latch  
The latch fc/rod_/color_data_reg[9] cannot be properly analyzed as its control pin fc/rod_/color_data_reg[9]/G is not reached by a timing clock
Related violations: <none>

TIMING-20#59 Warning
Non-clocked latch  
The latch fc/slowfish1_/color_data_reg[0] cannot be properly analyzed as its control pin fc/slowfish1_/color_data_reg[0]/G is not reached by a timing clock
Related violations: <none>

TIMING-20#60 Warning
Non-clocked latch  
The latch fc/slowfish1_/color_data_reg[2] cannot be properly analyzed as its control pin fc/slowfish1_/color_data_reg[2]/G is not reached by a timing clock
Related violations: <none>

TIMING-20#61 Warning
Non-clocked latch  
The latch fc/slowfish1_/color_data_reg[6] cannot be properly analyzed as its control pin fc/slowfish1_/color_data_reg[6]/G is not reached by a timing clock
Related violations: <none>

TIMING-20#62 Warning
Non-clocked latch  
The latch fc/slowfish1_/color_data_reg[7] cannot be properly analyzed as its control pin fc/slowfish1_/color_data_reg[7]/G is not reached by a timing clock
Related violations: <none>

TIMING-20#63 Warning
Non-clocked latch  
The latch fc/slowfish2_/color_data_reg[0] cannot be properly analyzed as its control pin fc/slowfish2_/color_data_reg[0]/G is not reached by a timing clock
Related violations: <none>

TIMING-20#64 Warning
Non-clocked latch  
The latch fc/slowfish2_/color_data_reg[2] cannot be properly analyzed as its control pin fc/slowfish2_/color_data_reg[2]/G is not reached by a timing clock
Related violations: <none>

TIMING-20#65 Warning
Non-clocked latch  
The latch fc/slowfish2_/color_data_reg[6] cannot be properly analyzed as its control pin fc/slowfish2_/color_data_reg[6]/G is not reached by a timing clock
Related violations: <none>

TIMING-20#66 Warning
Non-clocked latch  
The latch fc/slowfish2_/color_data_reg[7] cannot be properly analyzed as its control pin fc/slowfish2_/color_data_reg[7]/G is not reached by a timing clock
Related violations: <none>

TIMING-20#67 Warning
Non-clocked latch  
The latch fc/splash_/color_data_reg[0] cannot be properly analyzed as its control pin fc/splash_/color_data_reg[0]/G is not reached by a timing clock
Related violations: <none>

TIMING-20#68 Warning
Non-clocked latch  
The latch fc/splash_/color_data_reg[10] cannot be properly analyzed as its control pin fc/splash_/color_data_reg[10]/G is not reached by a timing clock
Related violations: <none>

TIMING-20#69 Warning
Non-clocked latch  
The latch fc/splash_/color_data_reg[11] cannot be properly analyzed as its control pin fc/splash_/color_data_reg[11]/G is not reached by a timing clock
Related violations: <none>

TIMING-20#70 Warning
Non-clocked latch  
The latch fc/splash_/color_data_reg[1] cannot be properly analyzed as its control pin fc/splash_/color_data_reg[1]/G is not reached by a timing clock
Related violations: <none>

TIMING-20#71 Warning
Non-clocked latch  
The latch fc/splash_/color_data_reg[2] cannot be properly analyzed as its control pin fc/splash_/color_data_reg[2]/G is not reached by a timing clock
Related violations: <none>

TIMING-20#72 Warning
Non-clocked latch  
The latch fc/splash_/color_data_reg[3] cannot be properly analyzed as its control pin fc/splash_/color_data_reg[3]/G is not reached by a timing clock
Related violations: <none>

TIMING-20#73 Warning
Non-clocked latch  
The latch fc/splash_/color_data_reg[4] cannot be properly analyzed as its control pin fc/splash_/color_data_reg[4]/G is not reached by a timing clock
Related violations: <none>

TIMING-20#74 Warning
Non-clocked latch  
The latch fc/splash_/color_data_reg[5] cannot be properly analyzed as its control pin fc/splash_/color_data_reg[5]/G is not reached by a timing clock
Related violations: <none>

TIMING-20#75 Warning
Non-clocked latch  
The latch fc/splash_/color_data_reg[6] cannot be properly analyzed as its control pin fc/splash_/color_data_reg[6]/G is not reached by a timing clock
Related violations: <none>

TIMING-20#76 Warning
Non-clocked latch  
The latch fc/splash_/color_data_reg[7] cannot be properly analyzed as its control pin fc/splash_/color_data_reg[7]/G is not reached by a timing clock
Related violations: <none>

TIMING-20#77 Warning
Non-clocked latch  
The latch fc/splash_/color_data_reg[8] cannot be properly analyzed as its control pin fc/splash_/color_data_reg[8]/G is not reached by a timing clock
Related violations: <none>

TIMING-20#78 Warning
Non-clocked latch  
The latch fc/splash_/color_data_reg[9] cannot be properly analyzed as its control pin fc/splash_/color_data_reg[9]/G is not reached by a timing clock
Related violations: <none>

TIMING-20#79 Warning
Non-clocked latch  
The latch fc/start_/color_data_reg[0] cannot be properly analyzed as its control pin fc/start_/color_data_reg[0]/G is not reached by a timing clock
Related violations: <none>


